<?xml version="1.0" encoding="UTF-8"?>
<robot generator="Robot 7.2.2 (Python 3.13.2 on win32)" generated="2025-04-13T18:59:35.610654" rpa="false" schemaversion="5">
<suite id="s1" name="TestSitePractice" source="C:\Users\saulo\projects\robotframework\RobotFrameworkCourse-Advanced\Section 5 - WEB Testing Avançado\tests\TestSitePractice.robot">
<test id="s1-t1" name="Caso de Teste com PO 01: Remover Produtos do Carrinho" line="9">
<kw name="Abrir navegador" owner="Resource" type="SETUP">
<kw name="Open Browser" owner="SeleniumLibrary">
<msg time="2025-04-13T18:59:35.931576" level="INFO">Opening browser 'chrome' to base url 'about:blank'.</msg>
<arg>about:blank</arg>
<arg>${BROWSER}</arg>
<doc>Opens a new browser instance to the optional ``url``.</doc>
<status status="PASS" start="2025-04-13T18:59:35.931337" elapsed="1.673903"/>
</kw>
<status status="PASS" start="2025-04-13T18:59:35.930393" elapsed="1.675047"/>
</kw>
<kw name="Acessar a página home do site" owner="Home">
<kw name="Go To" owner="SeleniumLibrary">
<msg time="2025-04-13T18:59:37.606352" level="INFO">Opening url 'http://automationpractice.pl'</msg>
<arg>${HOME_URL}</arg>
<doc>Navigates the current browser window to the provided ``url``.</doc>
<status status="PASS" start="2025-04-13T18:59:37.606187" elapsed="5.535101"/>
</kw>
<kw name="Wait Until Element Is Visible" owner="SeleniumLibrary">
<arg>${HOME_TOPMENU}</arg>
<doc>Waits until the element ``locator`` is visible.</doc>
<status status="PASS" start="2025-04-13T18:59:43.141555" elapsed="0.023532"/>
</kw>
<kw name="Title Should Be" owner="SeleniumLibrary">
<msg time="2025-04-13T18:59:43.169540" level="INFO">Page title is 'My Shop'.</msg>
<arg>${HOME_TITLE}</arg>
<doc>Verifies that the current page title equals ``title``.</doc>
<status status="PASS" start="2025-04-13T18:59:43.165360" elapsed="0.004277"/>
</kw>
<status status="PASS" start="2025-04-13T18:59:37.605865" elapsed="5.563910"/>
</kw>
<kw name="Adicionar o produto &quot;t-shirt&quot; no carrinho" owner="Home" source_name="Adicionar o produto &quot;${PRODUTO}&quot; no carrinho">
<kw name="Digitar o nome do produto &quot;${PRODUTO}&quot; no campo de pesquisa" owner="Home" source_name="Digitar o nome do produto &quot;${PRODUTO}&quot; no campo de pesquisa">
<kw name="Input Text" owner="SeleniumLibrary">
<msg time="2025-04-13T18:59:43.170866" level="INFO">Typing text 't-shirt' into text field 'name=search_query'.</msg>
<arg>${HOME_FIELD_PESQUISAR}</arg>
<arg>${PRODUTO}</arg>
<doc>Types the given ``text`` into the text field identified by ``locator``.</doc>
<status status="PASS" start="2025-04-13T18:59:43.170668" elapsed="0.090938"/>
</kw>
<status status="PASS" start="2025-04-13T18:59:43.170438" elapsed="0.091296"/>
</kw>
<kw name="Clicar no botão pesquisar" owner="Home">
<kw name="Click Element" owner="SeleniumLibrary">
<msg time="2025-04-13T18:59:43.262379" level="INFO">Clicking element 'name=submit_search'.</msg>
<arg>${HOME_BTN_PESQUISAR}</arg>
<doc>Click the element identified by ``locator``.</doc>
<status status="PASS" start="2025-04-13T18:59:43.262192" elapsed="0.072919"/>
</kw>
<status status="PASS" start="2025-04-13T18:59:43.261931" elapsed="0.073353"/>
</kw>
<kw name="Clicar no botão &quot;Add to Cart&quot; do produto" owner="Home">
<kw name="Wait Until Element Is Visible" owner="SeleniumLibrary">
<msg time="2025-04-13T18:59:44.568383" level="INFO">Suppressing StaleElementReferenceException from Selenium.</msg>
<arg>${HOME_PRODUCT}</arg>
<doc>Waits until the element ``locator`` is visible.</doc>
<status status="PASS" start="2025-04-13T18:59:43.336008" elapsed="1.449211"/>
</kw>
<kw name="Click Element" owner="SeleniumLibrary">
<msg time="2025-04-13T18:59:44.785717" level="INFO">Clicking element 'xpath=//*[@id="center_column"]//img[@alt="Faded Short Sleeve T-shirts"]'.</msg>
<arg>${HOME_PRODUCT}</arg>
<doc>Click the element identified by ``locator``.</doc>
<status status="PASS" start="2025-04-13T18:59:44.785432" elapsed="1.544745"/>
</kw>
<kw name="Wait Until Element Is Visible" owner="SeleniumLibrary">
<msg time="2025-04-13T18:59:51.542942" level="INFO" html="true">&lt;/td&gt;&lt;/tr&gt;&lt;tr&gt;&lt;td colspan="3"&gt;&lt;a href="selenium-screenshot-8.png"&gt;&lt;img src="selenium-screenshot-8.png" width="800px"&gt;&lt;/a&gt;</msg>
<msg time="2025-04-13T18:59:51.543121" level="FAIL">Element 'xpath=//*[@id="add_to_cart"]/button' not visible after 5 seconds.</msg>
<arg>${HOME_BTN_ADDCART}</arg>
<doc>Waits until the element ``locator`` is visible.</doc>
<status status="FAIL" start="2025-04-13T18:59:46.330450" elapsed="5.215071">Element 'xpath=//*[@id="add_to_cart"]/button' not visible after 5 seconds.</status>
</kw>
<kw name="Click Button" owner="SeleniumLibrary">
<arg>${HOME_BTN_ADDCART}</arg>
<doc>Clicks the button identified by ``locator``.</doc>
<status status="NOT RUN" start="2025-04-13T18:59:51.545725" elapsed="0.000050"/>
</kw>
<status status="FAIL" start="2025-04-13T18:59:43.335552" elapsed="8.210366">Element 'xpath=//*[@id="add_to_cart"]/button' not visible after 5 seconds.</status>
</kw>
<kw name="Clicar no botão &quot;Proceed to checkout&quot;" owner="Home">
<status status="NOT RUN" start="2025-04-13T18:59:51.546095" elapsed="0.000036"/>
</kw>
<status status="FAIL" start="2025-04-13T18:59:43.170153" elapsed="8.376067">Element 'xpath=//*[@id="add_to_cart"]/button' not visible after 5 seconds.</status>
</kw>
<kw name="Excluir o produto do carrinho" owner="Carrinho">
<status status="NOT RUN" start="2025-04-13T18:59:51.546502" elapsed="0.000034"/>
</kw>
<kw name="Conferir se o carrinho fica vazio" owner="Carrinho">
<status status="NOT RUN" start="2025-04-13T18:59:51.546749" elapsed="0.000040"/>
</kw>
<kw name="Fechar navegador" owner="Resource" type="TEARDOWN">
<kw name="Close Browser" owner="SeleniumLibrary">
<doc>Closes the current browser.</doc>
<status status="PASS" start="2025-04-13T18:59:51.547333" elapsed="2.181480"/>
</kw>
<status status="PASS" start="2025-04-13T18:59:51.547086" elapsed="2.181890"/>
</kw>
<status status="FAIL" start="2025-04-13T18:59:35.929463" elapsed="17.799826">Element 'xpath=//*[@id="add_to_cart"]/button' not visible after 5 seconds.</status>
</test>
<status status="FAIL" start="2025-04-13T18:59:35.612270" elapsed="18.118005"/>
</suite>
<statistics>
<total>
<stat pass="0" fail="1" skip="0">All Tests</stat>
</total>
<tag>
</tag>
<suite>
<stat name="TestSitePractice" id="s1" pass="0" fail="1" skip="0">TestSitePractice</stat>
</suite>
</statistics>
<errors>
<msg time="2025-04-13T18:59:35.606416" level="WARN">Error in file 'C:\Users\saulo\projects\robotframework\RobotFrameworkCourse-Advanced\Section 5 - WEB Testing Avançado\tests\TestSitePractice.robot' on line 8: Singular section headers like '*** Test Case ***' are deprecated. Use plural format like '*** Test Cases ***' instead.</msg>
</errors>
</robot>
